2023-11-08 16:09:32,981 [INFO] Generate normal variant N4G_LTE_LBKOUT_V00
2023-11-08 16:09:32,988 [INFO] Generate normal variant N4G_LTE_LBKOUT_V01
2023-11-08 16:09:32,995 [INFO] Generate normal variant N4G_LTE_LBKOUT_V02
2023-11-08 16:09:33,001 [INFO] Generate normal variant N4G_LTE_LBKOUT_V03
2023-11-08 16:09:33,011 [INFO] Generate normal variant N4G_LTE_LBKOUT_V04
2023-11-08 16:09:33,016 [INFO] Generate normal variant N4G_LTE_REMOTEIXP_V00
2023-11-08 16:09:33,023 [INFO] Generate normal variant N4G_LTE_REMOTEIXP_V01
2023-11-08 16:09:33,029 [INFO] Generate normal variant N4G_LTE_REMOTEIXP_V02
2023-11-08 16:09:33,034 [INFO] Generate normal variant N4G_LTE_REMOTEIXP_V03
2023-11-08 16:09:33,040 [INFO] Generate normal variant N4G_LTE_REMOTEIXP_V04
2023-11-08 16:09:33,046 [INFO] Generate normal variant N4G_LTE_LEL_V00
2023-11-08 16:09:33,051 [INFO] Generate normal variant N4G_LTE_LEL_V01
2023-11-08 16:09:33,057 [INFO] Generate normal variant N4G_LTE_LEL_V02
2023-11-08 16:09:33,063 [INFO] Generate normal variant N4G_LTE_LEL_V03
2023-11-08 16:09:33,068 [INFO] Generate normal variant N4G_LTE_LEL_V04
2023-11-08 16:09:33,078 [INFO] Generate normal variant N5G_CBRS_LBKOUT_V00
2023-11-08 16:09:33,091 [INFO] Generate normal variant N5G_CBRS_LBKOUT_V01
2023-11-08 16:09:33,104 [INFO] Generate normal variant N5G_CBRS_LBKOUT_V02
2023-11-08 16:09:33,117 [INFO] Generate normal variant N5G_CBRS_LBKOUT_V03
2023-11-08 16:09:33,130 [INFO] Generate normal variant N5G_CBRS_LBKOUT_V04
2023-11-08 16:09:33,139 [INFO] Generate normal variant N5G_CBRS_REMOTEIXP_V00
2023-11-08 16:09:33,144 [INFO] Generate normal variant N5G_CBRS_REMOTEIXP_V01
2023-11-08 16:09:33,150 [INFO] Generate normal variant N5G_CBRS_REMOTEIXP_V02
2023-11-08 16:09:33,156 [INFO] Generate normal variant N5G_CBRS_REMOTEIXP_V03
2023-11-08 16:09:33,162 [INFO] Generate normal variant N5G_CBRS_REMOTEIXP_V04
2023-11-08 16:09:33,163 [INFO] Generate normal variant N4G_LTE_LBKOUT_V00
2023-11-08 16:09:33,163 [INFO] Generate normal variant N4G_LTE_REMOTEIXP_V00
2023-11-08 16:09:33,164 [INFO] Generate normal variant N4G_LTE_LEL_V00
2023-11-08 16:09:33,164 [INFO] Generate normal variant N5G_CBRS_LBKOUT_V00
2023-11-08 16:09:33,165 [INFO] Generate normal variant N5G_CBRS_REMOTEIXP_V00
2023-11-08 16:09:33,165 [INFO] Generate variant N4G_LTE_LBKOUT_V00_BadSignal_V00
2023-11-08 16:09:33,180 [INFO] Generate variant N4G_LTE_LBKOUT_V00_BadSignal_V01
2023-11-08 16:09:33,193 [INFO] Generate variant N4G_LTE_LBKOUT_V00_BadSignal_V02
2023-11-08 16:09:33,203 [INFO] Generate variant N4G_LTE_LBKOUT_V00_BadSignal_V03
2023-11-08 16:09:33,214 [INFO] Generate variant N4G_LTE_LBKOUT_V00_BadSignal_V04
2023-11-08 16:09:33,223 [INFO] Generate variant N4G_LTE_REMOTEIXP_V00_BadSignal_V00
2023-11-08 16:09:33,237 [INFO] Generate variant N4G_LTE_REMOTEIXP_V00_BadSignal_V01
2023-11-08 16:09:33,245 [INFO] Generate variant N4G_LTE_REMOTEIXP_V00_BadSignal_V02
2023-11-08 16:09:33,256 [INFO] Generate variant N4G_LTE_REMOTEIXP_V00_BadSignal_V03
2023-11-08 16:09:33,266 [INFO] Generate variant N4G_LTE_REMOTEIXP_V00_BadSignal_V04
2023-11-08 16:09:33,279 [INFO] Generate variant N4G_LTE_LEL_V00_BadSignal_V00
2023-11-08 16:09:33,288 [INFO] Generate variant N4G_LTE_LEL_V00_BadSignal_V01
2023-11-08 16:09:33,297 [INFO] Generate variant N4G_LTE_LEL_V00_BadSignal_V02
2023-11-08 16:09:33,306 [INFO] Generate variant N4G_LTE_LEL_V00_BadSignal_V03
2023-11-08 16:09:33,316 [INFO] Generate variant N4G_LTE_LEL_V00_BadSignal_V04
2023-11-08 16:09:33,325 [INFO] Generate variant N5G_CBRS_LBKOUT_V00_BadSignal_V00
2023-11-08 16:09:33,335 [INFO] Generate variant N5G_CBRS_LBKOUT_V00_BadSignal_V01
2023-11-08 16:09:33,346 [INFO] Generate variant N5G_CBRS_LBKOUT_V00_BadSignal_V02
2023-11-08 16:09:33,357 [INFO] Generate variant N5G_CBRS_LBKOUT_V00_BadSignal_V03
2023-11-08 16:09:33,365 [INFO] Generate variant N5G_CBRS_LBKOUT_V00_BadSignal_V04
2023-11-08 16:09:33,375 [INFO] Generate variant N5G_CBRS_REMOTEIXP_V00_BadSignal_V00
2023-11-08 16:09:33,383 [INFO] Generate variant N5G_CBRS_REMOTEIXP_V00_BadSignal_V01
2023-11-08 16:09:33,395 [INFO] Generate variant N5G_CBRS_REMOTEIXP_V00_BadSignal_V02
2023-11-08 16:09:33,402 [INFO] Generate variant N5G_CBRS_REMOTEIXP_V00_BadSignal_V03
2023-11-08 16:09:33,410 [INFO] Generate variant N5G_CBRS_REMOTEIXP_V00_BadSignal_V04
2023-11-08 16:09:33,418 [INFO] Generate normal variant N4G_LTE_LBKOUT_V00
2023-11-08 16:09:33,418 [INFO] Generate normal variant N4G_LTE_REMOTEIXP_V00
2023-11-08 16:09:33,418 [INFO] Generate normal variant N4G_LTE_LEL_V00
2023-11-08 16:09:33,419 [INFO] Generate normal variant N5G_CBRS_LBKOUT_V00
2023-11-08 16:09:33,419 [INFO] Generate normal variant N5G_CBRS_REMOTEIXP_V00
2023-11-08 16:09:33,421 [INFO] Generate variant N4G_LTE_LBKOUT_V00_Load_V00
2023-11-08 16:09:33,446 [INFO] Generate variant N4G_LTE_LBKOUT_V00_Load_V01
2023-11-08 16:09:33,474 [INFO] Generate variant N4G_LTE_LBKOUT_V00_Load_V02
2023-11-08 16:09:33,500 [INFO] Generate variant N4G_LTE_LBKOUT_V00_Load_V03
2023-11-08 16:09:33,534 [INFO] Generate variant N4G_LTE_LBKOUT_V00_Load_V04
2023-11-08 16:09:33,559 [INFO] Generate variant N4G_LTE_REMOTEIXP_V00_Load_V00
2023-11-08 16:09:33,591 [INFO] Generate variant N4G_LTE_REMOTEIXP_V00_Load_V01
2023-11-08 16:09:33,620 [INFO] Generate variant N4G_LTE_REMOTEIXP_V00_Load_V02
2023-11-08 16:09:33,645 [INFO] Generate variant N4G_LTE_REMOTEIXP_V00_Load_V03
2023-11-08 16:09:33,676 [INFO] Generate variant N4G_LTE_REMOTEIXP_V00_Load_V04
2023-11-08 16:09:33,706 [INFO] Generate variant N4G_LTE_LEL_V00_Load_V00
2023-11-08 16:09:33,729 [INFO] Generate variant N4G_LTE_LEL_V00_Load_V01
2023-11-08 16:09:33,752 [INFO] Generate variant N4G_LTE_LEL_V00_Load_V02
2023-11-08 16:09:33,777 [INFO] Generate variant N4G_LTE_LEL_V00_Load_V03
2023-11-08 16:09:33,807 [INFO] Generate variant N4G_LTE_LEL_V00_Load_V04
2023-11-08 16:09:33,828 [INFO] Generate variant N5G_CBRS_LBKOUT_V00_Load_V00
2023-11-08 16:09:33,853 [INFO] Generate variant N5G_CBRS_LBKOUT_V00_Load_V01
2023-11-08 16:09:33,883 [INFO] Generate variant N5G_CBRS_LBKOUT_V00_Load_V02
2023-11-08 16:09:33,907 [INFO] Generate variant N5G_CBRS_LBKOUT_V00_Load_V03
2023-11-08 16:09:33,947 [INFO] Generate variant N5G_CBRS_LBKOUT_V00_Load_V04
2023-11-08 16:09:33,975 [INFO] Generate variant N5G_CBRS_REMOTEIXP_V00_Load_V00
2023-11-08 16:09:33,995 [INFO] Generate variant N5G_CBRS_REMOTEIXP_V00_Load_V01
2023-11-08 16:09:34,018 [INFO] Generate variant N5G_CBRS_REMOTEIXP_V00_Load_V02
2023-11-08 16:09:34,054 [INFO] Generate variant N5G_CBRS_REMOTEIXP_V00_Load_V03
2023-11-08 16:09:34,080 [INFO] Generate variant N5G_CBRS_REMOTEIXP_V00_Load_V04
2023-11-08 16:09:34,104 [INFO] Generate normal variant N4G_LTE_LBKOUT_V00
2023-11-08 16:09:34,104 [INFO] Generate normal variant N4G_LTE_REMOTEIXP_V00
2023-11-08 16:09:34,104 [INFO] Generate normal variant N4G_LTE_LEL_V00
2023-11-08 16:09:34,105 [INFO] Generate normal variant N5G_CBRS_LBKOUT_V00
2023-11-08 16:09:34,105 [INFO] Generate normal variant N5G_CBRS_REMOTEIXP_V00
2023-11-08 16:09:34,107 [INFO] Generate variant N4G_LTE_LBKOUT_V00_Combo_V00
2023-11-08 16:09:34,135 [INFO] Generate variant N4G_LTE_LBKOUT_V00_Combo_V01
2023-11-08 16:09:34,165 [INFO] Generate variant N4G_LTE_LBKOUT_V00_Combo_V02
2023-11-08 16:09:34,188 [INFO] Generate variant N4G_LTE_LBKOUT_V00_Combo_V03
2023-11-08 16:09:34,214 [INFO] Generate variant N4G_LTE_LBKOUT_V00_Combo_V04
2023-11-08 16:09:34,251 [INFO] Generate variant N4G_LTE_REMOTEIXP_V00_Combo_V00
2023-11-08 16:09:34,278 [INFO] Generate variant N4G_LTE_REMOTEIXP_V00_Combo_V01
2023-11-08 16:09:34,308 [INFO] Generate variant N4G_LTE_REMOTEIXP_V00_Combo_V02
2023-11-08 16:09:34,340 [INFO] Generate variant N4G_LTE_REMOTEIXP_V00_Combo_V03
2023-11-08 16:09:34,371 [INFO] Generate variant N4G_LTE_REMOTEIXP_V00_Combo_V04
2023-11-08 16:09:34,394 [INFO] Generate variant N4G_LTE_LEL_V00_Combo_V00
2023-11-08 16:09:34,422 [INFO] Generate variant N4G_LTE_LEL_V00_Combo_V01
2023-11-08 16:09:34,457 [INFO] Generate variant N4G_LTE_LEL_V00_Combo_V02
2023-11-08 16:09:34,492 [INFO] Generate variant N4G_LTE_LEL_V00_Combo_V03
2023-11-08 16:09:34,527 [INFO] Generate variant N4G_LTE_LEL_V00_Combo_V04
2023-11-08 16:09:34,564 [INFO] Generate variant N5G_CBRS_LBKOUT_V00_Combo_V00
2023-11-08 16:09:34,600 [INFO] Generate variant N5G_CBRS_LBKOUT_V00_Combo_V01
2023-11-08 16:09:34,630 [INFO] Generate variant N5G_CBRS_LBKOUT_V00_Combo_V02
2023-11-08 16:09:34,653 [INFO] Generate variant N5G_CBRS_LBKOUT_V00_Combo_V03
2023-11-08 16:09:34,691 [INFO] Generate variant N5G_CBRS_LBKOUT_V00_Combo_V04
2023-11-08 16:09:34,727 [INFO] Generate variant N5G_CBRS_REMOTEIXP_V00_Combo_V00
2023-11-08 16:09:34,757 [INFO] Generate variant N5G_CBRS_REMOTEIXP_V00_Combo_V01
2023-11-08 16:09:34,793 [INFO] Generate variant N5G_CBRS_REMOTEIXP_V00_Combo_V02
2023-11-08 16:09:34,826 [INFO] Generate variant N5G_CBRS_REMOTEIXP_V00_Combo_V03
2023-11-08 16:09:34,861 [INFO] Generate variant N5G_CBRS_REMOTEIXP_V00_Combo_V04
